src/actions/customer-ledger.ts(200,40): error TS2552: Cannot find name 'transactions'. Did you mean 'posTransactions'?
src/actions/inventory.ts(162,13): error TS2769: No overload matches this call.
  Overload 1 of 2, '(value: { quantity: string | SQL<unknown> | Placeholder<string, any>; itemId: string | SQL<unknown> | Placeholder<string, any>; requestOrderId: string | SQL<...> | Placeholder<...>; estimatedUnitPrice: string | ... 1 more ... | Placeholder<...>; id?: string | ... 2 more ... | undefined; actualUnitPrice?: string | ... 3 more ... | undefined; }): PgInsertBase<...>', gave the following error.
    Argument of type '{ requestOrderId: string; itemId: string; quantity: number; estimatedUnitPrice: string; }[]' is not assignable to parameter of type '{ quantity: string | SQL<unknown> | Placeholder<string, any>; itemId: string | SQL<unknown> | Placeholder<string, any>; requestOrderId: string | SQL<unknown> | Placeholder<...>; estimatedUnitPrice: string | ... 1 more ... | Placeholder<...>; id?: string | ... 2 more ... | undefined; actualUnitPrice?: string | ... 3 ...'.
      Type '{ requestOrderId: string; itemId: string; quantity: number; estimatedUnitPrice: string; }[]' is missing the following properties from type '{ quantity: string | SQL<unknown> | Placeholder<string, any>; itemId: string | SQL<unknown> | Placeholder<string, any>; requestOrderId: string | SQL<unknown> | Placeholder<...>; estimatedUnitPrice: string | ... 1 more ... | Placeholder<...>; id?: string | ... 2 more ... | undefined; actualUnitPrice?: string | ... 3 ...': quantity, itemId, requestOrderId, estimatedUnitPrice
  Overload 2 of 2, '(values: { quantity: string | SQL<unknown> | Placeholder<string, any>; itemId: string | SQL<unknown> | Placeholder<string, any>; requestOrderId: string | SQL<...> | Placeholder<...>; estimatedUnitPrice: string | ... 1 more ... | Placeholder<...>; id?: string | ... 2 more ... | undefined; actualUnitPrice?: string | ... 3 more ... | undefined; }[]): PgInsertBase<...>', gave the following error.
    Argument of type '{ requestOrderId: string; itemId: string; quantity: number; estimatedUnitPrice: string; }[]' is not assignable to parameter of type '{ quantity: string | SQL<unknown> | Placeholder<string, any>; itemId: string | SQL<unknown> | Placeholder<string, any>; requestOrderId: string | SQL<unknown> | Placeholder<...>; estimatedUnitPrice: string | ... 1 more ... | Placeholder<...>; id?: string | ... 2 more ... | undefined; actualUnitPrice?: string | ... 3 ...'.
      Type '{ requestOrderId: string; itemId: string; quantity: number; estimatedUnitPrice: string; }' is not assignable to type '{ quantity: string | SQL<unknown> | Placeholder<string, any>; itemId: string | SQL<unknown> | Placeholder<string, any>; requestOrderId: string | SQL<unknown> | Placeholder<...>; estimatedUnitPrice: string | ... 1 more ... | Placeholder<...>; id?: string | ... 2 more ... | undefined; actualUnitPrice?: string | ... 3 ...'.
        Types of property 'quantity' are incompatible.
          Type 'number' is not assignable to type 'string | SQL<unknown> | Placeholder<string, any>'.
src/actions/pos.ts(334,44): error TS7006: Parameter 'i' implicitly has an 'any' type.
src/actions/pos.ts(338,82): error TS2339: Property 'itemType' does not exist on type '{}'.
src/actions/pos.ts(455,44): error TS7006: Parameter 'i' implicitly has an 'any' type.
src/actions/pos.ts(512,82): error TS2339: Property 'itemType' does not exist on type '{}'.
src/components/crm/CustomersView.tsx(35,5): error TS2304: Cannot find name 'useEffect'.
src/lib/inventory.ts(102,52): error TS2769: No overload matches this call.
  Overload 1 of 2, '(value: { quantity: string | SQL<unknown> | Placeholder<string, any>; itemId: string | SQL<unknown> | Placeholder<string, any>; requestOrderId: string | SQL<...> | Placeholder<...>; estimatedUnitPrice: string | ... 1 more ... | Placeholder<...>; id?: string | ... 2 more ... | undefined; actualUnitPrice?: string | ... 3 more ... | undefined; }): PgInsertBase<...>', gave the following error.
    Type 'number' is not assignable to type 'string | SQL<unknown> | Placeholder<string, any>'.
  Overload 2 of 2, '(values: { quantity: string | SQL<unknown> | Placeholder<string, any>; itemId: string | SQL<unknown> | Placeholder<string, any>; requestOrderId: string | SQL<...> | Placeholder<...>; estimatedUnitPrice: string | ... 1 more ... | Placeholder<...>; id?: string | ... 2 more ... | undefined; actualUnitPrice?: string | ... 3 more ... | undefined; }[]): PgInsertBase<...>', gave the following error.
    Object literal may only specify known properties, and 'requestOrderId' does not exist in type '{ quantity: string | SQL<unknown> | Placeholder<string, any>; itemId: string | SQL<unknown> | Placeholder<string, any>; requestOrderId: string | SQL<unknown> | Placeholder<...>; estimatedUnitPrice: string | ... 1 more ... | Placeholder<...>; id?: string | ... 2 more ... | undefined; actualUnitPrice?: string | ... 3 ...'.
src/lib/operations.ts(68,21): error TS2769: No overload matches this call.
  Overload 2 of 2, '(values: { itemId: string | SQL<unknown> | Placeholder<string, any>; dispatchId: string | SQL<unknown> | Placeholder<string, any>; quantityDispatched: string | SQL<...> | Placeholder<...>; ... 4 more ...; condition?: string | ... 3 more ... | undefined; }[]): PgInsertBase<...>', gave the following error.
    Object literal may only specify known properties, and 'dispatchId' does not exist in type '{ itemId: string | SQL<unknown> | Placeholder<string, any>; dispatchId: string | SQL<unknown> | Placeholder<string, any>; quantityDispatched: string | SQL<...> | Placeholder<...>; ... 4 more ...; condition?: string | ... 3 more ... | undefined; }[]'.
src/scripts/seed-inventory.ts(59,40): error TS2769: No overload matches this call.
  Overload 1 of 2, '(value: { name: string | SQL<unknown> | Placeholder<string, any>; category: string | SQL<unknown> | Placeholder<string, any>; price: string | SQL<unknown> | Placeholder<...>; ... 8 more ...; minStockLevel?: number | ... 3 more ... | undefined; }): PgInsertBase<...>', gave the following error.
    Type 'number' is not assignable to type 'string | SQL<unknown> | Placeholder<string, any> | undefined'.
  Overload 2 of 2, '(values: { name: string | SQL<unknown> | Placeholder<string, any>; category: string | SQL<unknown> | Placeholder<string, any>; price: string | SQL<unknown> | Placeholder<...>; ... 8 more ...; minStockLevel?: number | ... 3 more ... | undefined; }[]): PgInsertBase<...>', gave the following error.
    Object literal may only specify known properties, and 'name' does not exist in type '{ name: string | SQL<unknown> | Placeholder<string, any>; category: string | SQL<unknown> | Placeholder<string, any>; price: string | SQL<unknown> | Placeholder<string, any>; ... 8 more ...; minStockLevel?: number | ... 3 more ... | undefined; }[]'.
src/scripts/test-full-reconciliation.ts(56,46): error TS2769: No overload matches this call.
  Overload 1 of 2, '(value: { name: string | SQL<unknown> | Placeholder<string, any>; type: "ASSET" | "LIABILITY" | "EQUITY" | "INCOME" | "EXPENSE" | SQL<unknown> | Placeholder<string, any>; ... 9 more ...; accountNumber?: string | ... 3 more ... | undefined; }): PgInsertBase<...>', gave the following error.
    Argument of type '{ id: string; name: string; type: string; code: string; balance: string; }' is not assignable to parameter of type '{ name: string | SQL<unknown> | Placeholder<string, any>; type: "ASSET" | "LIABILITY" | "EQUITY" | "INCOME" | "EXPENSE" | SQL<unknown> | Placeholder<string, any>; ... 9 more ...; accountNumber?: string | ... 3 more ... | undefined; }'.
      Types of property 'type' are incompatible.
        Type 'string' is not assignable to type '"ASSET" | "LIABILITY" | "EQUITY" | "INCOME" | "EXPENSE" | SQL<unknown> | Placeholder<string, any>'.
  Overload 2 of 2, '(values: { name: string | SQL<unknown> | Placeholder<string, any>; type: "ASSET" | "LIABILITY" | "EQUITY" | "INCOME" | "EXPENSE" | SQL<unknown> | Placeholder<string, any>; ... 9 more ...; accountNumber?: string | ... 3 more ... | undefined; }[]): PgInsertBase<...>', gave the following error.
    Argument of type '{ id: string; name: string; type: string; code: string; balance: string; }' is not assignable to parameter of type '{ name: string | SQL<unknown> | Placeholder<string, any>; type: "ASSET" | "LIABILITY" | "EQUITY" | "INCOME" | "EXPENSE" | SQL<unknown> | Placeholder<string, any>; ... 9 more ...; accountNumber?: string | ... 3 more ... | undefined; }[]'.
      Type '{ id: string; name: string; type: string; code: string; balance: string; }' is missing the following properties from type '{ name: string | SQL<unknown> | Placeholder<string, any>; type: "ASSET" | "LIABILITY" | "EQUITY" | "INCOME" | "EXPENSE" | SQL<unknown> | Placeholder<string, any>; ... 9 more ...; accountNumber?: string | ... 3 more ... | undefined; }[]': length, pop, push, concat, and 35 more.
src/scripts/test-full-reconciliation.ts(208,29): error TS2769: No overload matches this call.
  Overload 1 of 2, '(value: { cashierId: string | SQL<unknown> | Placeholder<string, any>; id?: string | SQL<unknown> | Placeholder<string, any> | undefined; createdAt?: SQL<unknown> | Date | Placeholder<...> | undefined; ... 11 more ...; actualTransfer?: string | ... 3 more ... | undefined; }): PgInsertBase<...>', gave the following error.
    Object literal may only specify known properties, but 'startingCash' does not exist in type '{ cashierId: string | SQL<unknown> | Placeholder<string, any>; id?: string | SQL<unknown> | Placeholder<string, any> | undefined; createdAt?: SQL<unknown> | Date | Placeholder<...> | undefined; ... 11 more ...; actualTransfer?: string | ... 3 more ... | undefined; }'. Did you mean to write 'startCash'?
  Overload 2 of 2, '(values: { cashierId: string | SQL<unknown> | Placeholder<string, any>; id?: string | SQL<unknown> | Placeholder<string, any> | undefined; createdAt?: SQL<unknown> | Date | Placeholder<...> | undefined; ... 11 more ...; actualTransfer?: string | ... 3 more ... | undefined; }[]): PgInsertBase<...>', gave the following error.
    Object literal may only specify known properties, and 'id' does not exist in type '{ cashierId: string | SQL<unknown> | Placeholder<string, any>; id?: string | SQL<unknown> | Placeholder<string, any> | undefined; createdAt?: SQL<unknown> | Date | Placeholder<...> | undefined; ... 11 more ...; actualTransfer?: string | ... 3 more ... | undefined; }[]'.
src/scripts/test-full-reconciliation.ts(268,40): error TS2769: No overload matches this call.
  Overload 1 of 2, '(value: { amount: string | SQL<unknown> | Placeholder<string, any>; shiftId: string | SQL<unknown> | Placeholder<string, any>; id?: string | SQL<unknown> | Placeholder<...> | undefined; ... 7 more ...; reconciledAt?: SQL<...> | ... 3 more ... | undefined; }): PgInsertBase<...>', gave the following error.
    Object literal may only specify known properties, and 'declaredAt' does not exist in type '{ amount: string | SQL<unknown> | Placeholder<string, any>; shiftId: string | SQL<unknown> | Placeholder<string, any>; id?: string | SQL<unknown> | Placeholder<string, any> | undefined; ... 7 more ...; reconciledAt?: SQL<...> | ... 3 more ... | undefined; }'.
  Overload 2 of 2, '(values: { amount: string | SQL<unknown> | Placeholder<string, any>; shiftId: string | SQL<unknown> | Placeholder<string, any>; id?: string | SQL<unknown> | Placeholder<...> | undefined; ... 7 more ...; reconciledAt?: SQL<...> | ... 3 more ... | undefined; }[]): PgInsertBase<...>', gave the following error.
    Object literal may only specify known properties, and 'id' does not exist in type '{ amount: string | SQL<unknown> | Placeholder<string, any>; shiftId: string | SQL<unknown> | Placeholder<string, any>; id?: string | SQL<unknown> | Placeholder<string, any> | undefined; ... 7 more ...; reconciledAt?: SQL<...> | ... 3 more ... | undefined; }[]'.
src/scripts/test-reversal-decimals.ts(76,29): error TS2769: No overload matches this call.
  Overload 1 of 2, '(value: { cashierId: string | SQL<unknown> | Placeholder<string, any>; id?: string | SQL<unknown> | Placeholder<string, any> | undefined; createdAt?: SQL<unknown> | Date | Placeholder<...> | undefined; ... 11 more ...; actualTransfer?: string | ... 3 more ... | undefined; }): PgInsertBase<...>', gave the following error.
    Object literal may only specify known properties, and 'startAmount' does not exist in type '{ cashierId: string | SQL<unknown> | Placeholder<string, any>; id?: string | SQL<unknown> | Placeholder<string, any> | undefined; createdAt?: SQL<unknown> | Date | Placeholder<...> | undefined; ... 11 more ...; actualTransfer?: string | ... 3 more ... | undefined; }'.
  Overload 2 of 2, '(values: { cashierId: string | SQL<unknown> | Placeholder<string, any>; id?: string | SQL<unknown> | Placeholder<string, any> | undefined; createdAt?: SQL<unknown> | Date | Placeholder<...> | undefined; ... 11 more ...; actualTransfer?: string | ... 3 more ... | undefined; }[]): PgInsertBase<...>', gave the following error.
    Object literal may only specify known properties, and 'id' does not exist in type '{ cashierId: string | SQL<unknown> | Placeholder<string, any>; id?: string | SQL<unknown> | Placeholder<string, any> | undefined; createdAt?: SQL<unknown> | Date | Placeholder<...> | undefined; ... 11 more ...; actualTransfer?: string | ... 3 more ... | undefined; }[]'.
src/scripts/test-reversal-decimals.ts(115,29): error TS2769: No overload matches this call.
  Overload 1 of 2, '(value: { cashierId: string | SQL<unknown> | Placeholder<string, any>; id?: string | SQL<unknown> | Placeholder<string, any> | undefined; createdAt?: SQL<unknown> | Date | Placeholder<...> | undefined; ... 11 more ...; actualTransfer?: string | ... 3 more ... | undefined; }): PgInsertBase<...>', gave the following error.
    Object literal may only specify known properties, and 'startAmount' does not exist in type '{ cashierId: string | SQL<unknown> | Placeholder<string, any>; id?: string | SQL<unknown> | Placeholder<string, any> | undefined; createdAt?: SQL<unknown> | Date | Placeholder<...> | undefined; ... 11 more ...; actualTransfer?: string | ... 3 more ... | undefined; }'.
  Overload 2 of 2, '(values: { cashierId: string | SQL<unknown> | Placeholder<string, any>; id?: string | SQL<unknown> | Placeholder<string, any> | undefined; createdAt?: SQL<unknown> | Date | Placeholder<...> | undefined; ... 11 more ...; actualTransfer?: string | ... 3 more ... | undefined; }[]): PgInsertBase<...>', gave the following error.
    Object literal may only specify known properties, and 'id' does not exist in type '{ cashierId: string | SQL<unknown> | Placeholder<string, any>; id?: string | SQL<unknown> | Placeholder<string, any> | undefined; createdAt?: SQL<unknown> | Date | Placeholder<...> | undefined; ... 11 more ...; actualTransfer?: string | ... 3 more ... | undefined; }[]'.
src/scripts/test-reversal-decimals.ts(177,35): error TS2769: No overload matches this call.
  Overload 1 of 2, '(value: { name: string | SQL<unknown> | Placeholder<string, any>; type: "ASSET" | "LIABILITY" | "EQUITY" | "INCOME" | "EXPENSE" | SQL<unknown> | Placeholder<string, any>; ... 9 more ...; accountNumber?: string | ... 3 more ... | undefined; }): PgInsertBase<...>', gave the following error.
    Object literal may only specify known properties, and 'isSystem' does not exist in type '{ name: string | SQL<unknown> | Placeholder<string, any>; type: "ASSET" | "LIABILITY" | "EQUITY" | "INCOME" | "EXPENSE" | SQL<unknown> | Placeholder<string, any>; ... 9 more ...; accountNumber?: string | ... 3 more ... | undefined; }'.
  Overload 2 of 2, '(values: { name: string | SQL<unknown> | Placeholder<string, any>; type: "ASSET" | "LIABILITY" | "EQUITY" | "INCOME" | "EXPENSE" | SQL<unknown> | Placeholder<string, any>; ... 9 more ...; accountNumber?: string | ... 3 more ... | undefined; }[]): PgInsertBase<...>', gave the following error.
    Object literal may only specify known properties, and 'code' does not exist in type '{ name: string | SQL<unknown> | Placeholder<string, any>; type: "ASSET" | "LIABILITY" | "EQUITY" | "INCOME" | "EXPENSE" | SQL<unknown> | Placeholder<string, any>; ... 9 more ...; accountNumber?: string | ... 3 more ... | undefined; }[]'.
src/scripts/verify-sales-flow.ts(46,35): error TS2769: No overload matches this call.
  Overload 1 of 2, '(value: { quantity: string | SQL<unknown> | Placeholder<string, any>; total: string | SQL<unknown> | Placeholder<string, any>; itemId: string | SQL<unknown> | Placeholder<...>; itemName: string | ... 1 more ... | Placeholder<...>; unitPrice: string | ... 1 more ... | Placeholder<...>; quoteId: string | ... 1 more ... | Placeholder<...>; id?: string | ... 2 more ... | undefined; }): PgInsertBase<...>', gave the following error.
    Argument of type '{ quoteId: string; itemId: string; itemName: string; quantity: number; unitPrice: string; total: string; }[]' is not assignable to parameter of type '{ quantity: string | SQL<unknown> | Placeholder<string, any>; total: string | SQL<unknown> | Placeholder<string, any>; itemId: string | SQL<unknown> | Placeholder<...>; itemName: string | ... 1 more ... | Placeholder<...>; unitPrice: string | ... 1 more ... | Placeholder<...>; quoteId: string | ... 1 more ... | Plac...'.
      Type '{ quoteId: string; itemId: string; itemName: string; quantity: number; unitPrice: string; total: string; }[]' is missing the following properties from type '{ quantity: string | SQL<unknown> | Placeholder<string, any>; total: string | SQL<unknown> | Placeholder<string, any>; itemId: string | SQL<unknown> | Placeholder<...>; itemName: string | ... 1 more ... | Placeholder<...>; unitPrice: string | ... 1 more ... | Placeholder<...>; quoteId: string | ... 1 more ... | Plac...': quantity, total, itemId, itemName, and 2 more.
  Overload 2 of 2, '(values: { quantity: string | SQL<unknown> | Placeholder<string, any>; total: string | SQL<unknown> | Placeholder<string, any>; itemId: string | SQL<unknown> | Placeholder<...>; itemName: string | ... 1 more ... | Placeholder<...>; unitPrice: string | ... 1 more ... | Placeholder<...>; quoteId: string | ... 1 more ... | Placeholder<...>; id?: string | ... 2 more ... | undefined; }[]): PgInsertBase<...>', gave the following error.
    Type 'number' is not assignable to type 'string | SQL<unknown> | Placeholder<string, any>'.
src/scripts/verify-sales-flow.ts(71,34): error TS2769: No overload matches this call.
  Overload 1 of 2, '(value: { quantity: string | SQL<unknown> | Placeholder<string, any>; total: string | SQL<unknown> | Placeholder<string, any>; saleId: string | SQL<unknown> | Placeholder<...>; itemId: string | ... 1 more ... | Placeholder<...>; itemName: string | ... 1 more ... | Placeholder<...>; unitPrice: string | ... 1 more ... | Placeholder<...>; id?: string | ... 2 more ... | undefined; }): PgInsertBase<...>', gave the following error.
    Argument of type '{ saleId: string; itemId: string; itemName: string; quantity: number; unitPrice: string; total: string; }[]' is not assignable to parameter of type '{ quantity: string | SQL<unknown> | Placeholder<string, any>; total: string | SQL<unknown> | Placeholder<string, any>; saleId: string | SQL<unknown> | Placeholder<...>; itemId: string | ... 1 more ... | Placeholder<...>; itemName: string | ... 1 more ... | Placeholder<...>; unitPrice: string | ... 1 more ... | Place...'.
      Type '{ saleId: string; itemId: string; itemName: string; quantity: number; unitPrice: string; total: string; }[]' is missing the following properties from type '{ quantity: string | SQL<unknown> | Placeholder<string, any>; total: string | SQL<unknown> | Placeholder<string, any>; saleId: string | SQL<unknown> | Placeholder<...>; itemId: string | ... 1 more ... | Placeholder<...>; itemName: string | ... 1 more ... | Placeholder<...>; unitPrice: string | ... 1 more ... | Place...': quantity, total, saleId, itemId, and 2 more.
  Overload 2 of 2, '(values: { quantity: string | SQL<unknown> | Placeholder<string, any>; total: string | SQL<unknown> | Placeholder<string, any>; saleId: string | SQL<unknown> | Placeholder<...>; itemId: string | ... 1 more ... | Placeholder<...>; itemName: string | ... 1 more ... | Placeholder<...>; unitPrice: string | ... 1 more ... | Placeholder<...>; id?: string | ... 2 more ... | undefined; }[]): PgInsertBase<...>', gave the following error.
    Type 'number' is not assignable to type 'string | SQL<unknown> | Placeholder<string, any>'.
